39 -1
40 -1
19 -1
20 -1
23 -1
27 -1
1 1
25 -1
26 -1
30 -1
19 -1
1 1
20 -1
1 2
25 -1
1 2
21 -1
0 1
22 -1
27 -1
1 3
25 -1
26 -1
7 -1
0 2
34 -1
19 -1
1 1
9 -1
0 3
20 -1
23 -1
1 2
21 -1
1 3
22 -1
7 -1
1 1
32 -1
19 -1
1 1
17 -1
0 4
15 -1
0 3
20 -1
23 -1
1 1
7 -1
1 1
5 -1
0 5
2 -1
0 3
24 -1
33 -1
23 -1
1 1
7 -1
1 1
6 -1
0 4
24 -1
1 3
7 -1
1 3
2 -1
0 3
24 -1
35 -1
19 -1
27 -1
1 4
25 -1
26 -1
7 -1
0 2
3 -1
1 4
8 -1
1 1
3 -1
1 4
7 -1
1 4
2 -1
0 3
20 -1
23 -1
31 -1
19 -1
1 2
21 -1
1 4
22 -1
20 -1
24 -1
24 -1
